[2012-12-10 20:19:50] START
[2013-04-04 15:08:33] EDIT lims_m4/views/default/sample.html: 0
[2013-04-09 12:10:34] EDIT lims_m4/views/layout.html: 9
[2013-04-09 13:37:22] EDIT lims_m4/views/layout.html: 4
[2013-04-09 13:39:25] EDIT lims_m4/views/layout.html: 0
[2013-04-09 14:01:46] EDIT lims_m4/views/default/list_all_dev_projects.html: 0
[2013-04-18 15:00:13] EDIT lims_m4/views/default/sample.html: 2
[2013-04-18 15:00:58] EDIT lims_m4/views/default/sample.html: 0
[2013-04-18 15:01:35] EDIT lims_m4/views/default/sample.html: 0
[2013-04-22 15:20:07] EDIT lims_m4/views/default/project_viewer.html: 2
[2013-04-23 15:06:59] EDIT lims_m4/models/db.py: 0
[2013-04-23 15:08:18] EDIT lims_m4/models/db.py: 0
[2013-04-23 15:18:45] EDIT lims_m4/models/db.py: 0
[2013-04-23 15:18:48] EDIT lims_m4/models/db.py: 0
[2013-04-23 15:18:57] EDIT lims_m4/models/db.py: 0
[2013-04-23 15:19:02] EDIT lims_m4/models/db.py: 0
[2013-04-23 16:08:12] EDIT lims_m4/models/db.py: 1
[2013-04-23 16:10:30] EDIT lims_m4/models/db.py: 0
[2013-04-23 16:13:34] EDIT lims_m4/models/db.py: 0
[2013-04-23 16:13:43] EDIT lims_m4/models/db.py: 0
[2013-04-23 16:57:52] EDIT lims_m4/models/db.py: 0
[2013-04-25 14:43:49] EDIT lims_m4/views/layout.html: 2
[2013-04-26 15:14:03] EDIT lims_m4/views/layout.html: 0
[2013-04-26 15:15:22] EDIT lims_m4/views/layout.html: 0
[2013-04-26 15:19:12] EDIT lims_m4/views/layout.html: 0
[2013-04-26 15:19:37] EDIT lims_m4/views/layout.html: 0
[2013-04-26 15:19:42] EDIT lims_m4/views/layout.html: 0
[2013-04-26 15:19:44] EDIT lims_m4/views/layout.html: 0
[2013-04-26 15:20:12] EDIT lims_m4/views/layout.html: 0
[2013-04-26 15:20:13] EDIT lims_m4/views/layout.html: 0
[2013-04-26 15:20:13] EDIT lims_m4/views/layout.html: 0
[2013-04-26 15:20:13] EDIT lims_m4/views/layout.html: 0
[2013-04-26 15:20:13] EDIT lims_m4/views/layout.html: 0
[2013-04-26 15:20:17] EDIT lims_m4/views/layout.html: 0
[2013-04-26 15:22:32] EDIT lims_m4/views/layout.html: 4
[2013-04-26 15:22:54] EDIT lims_m4/views/layout.html: -4
[2013-04-26 15:22:56] EDIT lims_m4/views/layout.html: 0
[2013-04-26 15:22:57] EDIT lims_m4/views/layout.html: 0
[2013-04-26 15:28:12] EDIT lims_m4/views/layout.html: 0
[2013-04-26 15:28:26] EDIT lims_m4/views/layout.html: 0
[2013-04-26 15:28:27] EDIT lims_m4/views/layout.html: 0
[2013-04-26 15:28:27] EDIT lims_m4/views/layout.html: 0
[2013-04-26 15:29:09] EDIT lims_m4/views/layout.html: 0
[2013-04-26 15:33:20] EDIT lims_m4/views/layout.html: 3
[2013-04-26 15:33:22] EDIT lims_m4/views/layout.html: 0
[2013-04-26 15:33:22] EDIT lims_m4/views/layout.html: 0
[2013-04-26 15:33:22] EDIT lims_m4/views/layout.html: 0
[2013-04-26 15:33:22] EDIT lims_m4/views/layout.html: 0
[2013-04-26 15:33:22] EDIT lims_m4/views/layout.html: 0
[2013-04-26 15:34:19] EDIT lims_m4/views/layout.html: 0
[2013-04-26 15:35:00] EDIT lims_m4/views/layout.html: 0
[2013-04-26 15:35:40] EDIT lims_m4/views/layout.html: 0
[2013-04-26 15:36:59] EDIT lims_m4/views/layout.html: 0
[2013-04-26 15:37:23] EDIT lims_m4/views/layout.html: 0
[2013-04-26 15:38:45] EDIT lims_m4/views/layout.html: 2
[2013-04-26 15:39:12] EDIT lims_m4/views/layout.html: 0
[2013-04-26 15:43:01] EDIT lims_m4/views/layout.html: 0
[2013-04-26 15:45:11] EDIT lims_m4/views/layout.html: 0
[2013-04-26 15:46:47] EDIT lims_m4/views/layout.html: -3
[2013-04-26 15:46:47] EDIT lims_m4/views/layout.html: 0
[2013-04-26 15:46:48] EDIT lims_m4/views/layout.html: 0
[2013-04-26 15:46:48] EDIT lims_m4/views/layout.html: 0
[2013-04-26 15:46:48] EDIT lims_m4/views/layout.html: 0
[2013-04-26 15:46:48] EDIT lims_m4/views/layout.html: 0
[2013-04-26 15:46:49] EDIT lims_m4/views/layout.html: 0
[2013-04-26 15:46:49] EDIT lims_m4/views/layout.html: 0
[2013-04-26 15:46:49] EDIT lims_m4/views/layout.html: 0
[2013-04-26 15:46:50] EDIT lims_m4/views/layout.html: 0
[2013-04-26 15:47:24] EDIT lims_m4/views/layout.html: 3
[2013-04-26 15:47:53] EDIT lims_m4/views/layout.html: -2
[2013-04-26 15:48:32] EDIT lims_m4/views/layout.html: 0
[2013-04-26 15:48:33] EDIT lims_m4/views/layout.html: 0
[2013-04-26 15:48:33] EDIT lims_m4/views/layout.html: 0
[2013-04-26 15:48:34] EDIT lims_m4/views/layout.html: 0
[2013-04-26 15:49:05] EDIT lims_m4/views/layout.html: 0
[2013-04-26 15:49:18] EDIT lims_m4/views/layout.html: 0
[2013-04-26 15:49:52] EDIT lims_m4/views/layout.html: 0
[2013-04-26 15:50:06] EDIT lims_m4/views/layout.html: 0
[2013-04-26 15:51:42] EDIT lims_m4/views/layout.html: -2
[2013-04-26 15:52:32] EDIT lims_m4/views/layout.html: 0
[2013-04-26 15:54:31] EDIT lims_m4/views/layout.html: 2
[2013-04-26 15:54:45] EDIT lims_m4/views/layout.html: 0
[2013-04-26 15:55:29] EDIT lims_m4/views/layout.html: 0
[2013-04-26 15:56:08] EDIT lims_m4/views/layout.html: 0
[2013-04-26 15:56:16] EDIT lims_m4/views/layout.html: 0
[2013-04-26 15:56:39] EDIT lims_m4/views/layout.html: 0
[2013-04-26 15:57:05] EDIT lims_m4/views/layout.html: 0
[2013-04-26 15:57:33] EDIT lims_m4/views/layout.html: 0
[2013-04-26 15:57:45] EDIT lims_m4/views/layout.html: 0
[2013-04-26 15:58:06] EDIT lims_m4/views/layout.html: 0
[2013-04-26 15:58:51] EDIT lims_m4/views/layout.html: 1
[2013-04-26 15:59:03] EDIT lims_m4/views/layout.html: 0
[2013-04-26 15:59:36] EDIT lims_m4/views/layout.html: 0
[2013-04-26 15:59:56] EDIT lims_m4/views/layout.html: 0
[2013-04-26 16:00:30] EDIT lims_m4/views/layout.html: 0
[2013-04-26 16:00:54] EDIT lims_m4/views/layout.html: -1
[2013-04-26 16:01:19] EDIT lims_m4/views/layout.html: 0
[2013-04-26 16:01:31] EDIT lims_m4/views/layout.html: 0
[2013-04-26 16:04:08] EDIT lims_m4/views/layout.html: 4
[2013-04-26 16:04:32] EDIT lims_m4/views/layout.html: 1
[2013-04-26 16:04:46] EDIT lims_m4/views/layout.html: 0
[2013-04-26 16:04:56] EDIT lims_m4/views/layout.html: 0
[2013-04-26 16:05:09] EDIT lims_m4/views/layout.html: 0
[2013-04-26 16:05:24] EDIT lims_m4/views/layout.html: 0
[2013-04-26 16:06:33] EDIT lims_m4/views/layout.html: 0
[2013-04-26 16:08:01] EDIT lims_m4/views/layout.html: 0
[2013-04-26 16:08:14] EDIT lims_m4/views/layout.html: 0
[2013-04-26 16:10:01] EDIT lims_m4/views/layout.html: 2
[2013-04-26 16:10:09] EDIT lims_m4/views/layout.html: 0
[2013-04-26 16:11:01] EDIT lims_m4/views/layout.html: 0
[2013-04-26 16:11:19] EDIT lims_m4/views/layout.html: 0
[2013-04-26 16:11:20] EDIT lims_m4/views/layout.html: 0
[2013-04-26 16:14:57] EDIT lims_m4/views/layout.html: 0
[2013-04-26 16:15:28] EDIT lims_m4/views/layout.html: 0
[2013-04-26 16:16:34] EDIT lims_m4/views/layout.html: 0
[2013-04-26 16:16:51] EDIT lims_m4/views/layout.html: 0
[2013-04-26 16:19:11] EDIT lims_m4/static/css/web2py.css: 0
[2013-04-26 16:19:26] EDIT lims_m4/static/css/web2py.css: 0
[2013-04-26 16:19:30] EDIT lims_m4/static/css/web2py.css: 0
[2013-04-26 16:19:39] EDIT lims_m4/static/css/web2py.css: 0
[2013-04-26 16:33:05] EDIT lims_m4/static/css/web2py.css: -1
[2013-04-26 16:35:19] EDIT lims_m4/views/layout.html: -5
[2013-04-26 16:35:36] EDIT lims_m4/static/css/web2py.css: 0
[2013-04-26 16:36:11] EDIT lims_m4/static/css/web2py.css: 4
[2013-04-26 16:36:21] EDIT lims_m4/static/css/web2py.css: -4
[2013-04-26 16:36:56] EDIT lims_m4/views/layout.html: 5
[2013-04-26 16:38:31] EDIT lims_m4/views/layout.html: 0
[2013-04-26 16:40:23] EDIT lims_m4/views/layout.html: 3
[2013-04-26 16:40:57] EDIT lims_m4/views/layout.html: 0
[2013-04-26 16:40:58] EDIT lims_m4/views/layout.html: 0
[2013-04-26 16:41:09] EDIT lims_m4/views/layout.html: 0
[2013-04-26 16:41:20] EDIT lims_m4/views/layout.html: 0
[2013-04-26 16:42:34] EDIT lims_m4/views/layout.html: -2
[2013-04-26 16:43:00] EDIT lims_m4/views/layout.html: -2
[2013-04-26 16:43:48] EDIT lims_m4/views/layout.html: 0
[2013-04-26 16:43:54] EDIT lims_m4/views/layout.html: 0
[2013-04-26 16:44:12] EDIT lims_m4/views/layout.html: 0
[2013-04-26 16:45:00] EDIT lims_m4/views/layout.html: 0
[2013-04-26 16:47:33] EDIT lims_m4/views/layout.html: 0
[2013-04-26 16:47:50] EDIT lims_m4/views/layout.html: 0
[2013-04-26 16:48:17] EDIT lims_m4/views/layout.html: 0
[2013-04-26 16:49:19] EDIT lims_m4/views/layout.html: 0
[2013-04-26 16:50:14] EDIT lims_m4/views/layout.html: 0
[2013-04-26 16:50:20] EDIT lims_m4/views/layout.html: 0
[2013-04-26 16:51:08] EDIT lims_m4/views/layout.html: 0
[2013-04-26 16:52:23] EDIT lims_m4/views/layout.html: 0
[2013-04-26 16:53:41] EDIT lims_m4/views/layout.html: -2
[2013-04-26 16:54:41] EDIT lims_m4/views/layout.html: 2
[2013-04-26 16:55:48] EDIT lims_m4/views/layout.html: 0
[2013-04-26 16:55:48] EDIT lims_m4/views/layout.html: 0
[2013-04-26 16:57:04] EDIT lims_m4/views/layout.html: 0
[2013-04-26 16:58:19] EDIT lims_m4/views/layout.html: 0
[2013-04-26 16:58:20] EDIT lims_m4/views/layout.html: 0
[2013-04-26 16:58:20] EDIT lims_m4/views/layout.html: 0
[2013-04-26 16:58:42] EDIT lims_m4/views/layout.html: 0
[2013-04-26 16:58:43] EDIT lims_m4/views/layout.html: 0
[2013-04-26 16:58:43] EDIT lims_m4/views/layout.html: 0
[2013-04-26 17:01:54] EDIT lims_m4/views/layout.html: 0
[2013-04-26 17:02:41] EDIT lims_m4/views/layout.html: 0
[2013-04-26 17:03:40] EDIT lims_m4/views/layout.html: 0
[2013-04-26 17:04:27] EDIT lims_m4/views/layout.html: 2
[2013-04-26 17:19:19] EDIT lims_m4/views/layout.html: 2
[2013-04-26 17:19:31] EDIT lims_m4/views/layout.html: 0
[2013-04-26 17:20:18] EDIT lims_m4/views/layout.html: 0
[2013-04-26 17:20:19] EDIT lims_m4/views/layout.html: 0
[2013-04-26 17:25:54] EDIT lims_m4/views/layout.html: 0
[2013-04-26 17:26:20] EDIT lims_m4/views/layout.html: 0
[2013-04-26 17:26:43] EDIT lims_m4/views/layout.html: 0
[2013-04-26 17:26:45] EDIT lims_m4/views/layout.html: 0
[2013-04-26 17:27:42] EDIT lims_m4/views/layout.html: 0
[2013-04-26 17:28:24] EDIT lims_m4/views/layout.html: 1
[2013-04-26 17:28:47] EDIT lims_m4/views/layout.html: 0
[2013-04-26 17:33:26] EDIT lims_m4/views/layout.html: 0
[2013-04-26 17:34:53] EDIT lims_m4/views/layout.html: 0
[2013-04-26 17:34:55] EDIT lims_m4/views/layout.html: 0
[2013-04-26 17:35:13] EDIT lims_m4/views/layout.html: 0
[2013-04-26 17:35:19] EDIT lims_m4/views/layout.html: 0
[2013-04-26 17:35:40] EDIT lims_m4/views/layout.html: 0
[2013-04-26 17:36:20] EDIT lims_m4/views/layout.html: 0
[2013-04-26 17:36:33] EDIT lims_m4/views/layout.html: 0
[2013-04-26 17:36:49] EDIT lims_m4/views/layout.html: 0
[2013-04-26 17:37:00] EDIT lims_m4/views/layout.html: 0
[2013-04-26 17:37:11] EDIT lims_m4/views/layout.html: 0
[2013-04-26 17:37:20] EDIT lims_m4/views/layout.html: 0
[2013-04-26 17:37:35] EDIT lims_m4/views/layout.html: 0
[2013-04-26 17:37:35] EDIT lims_m4/views/layout.html: 0
[2013-04-26 17:37:47] EDIT lims_m4/views/layout.html: 0
[2013-04-26 17:37:57] EDIT lims_m4/views/layout.html: 0
[2013-04-26 17:40:10] EDIT lims_m4/views/layout.html: -1
[2013-04-26 17:41:24] EDIT lims_m4/views/layout.html: 0
[2013-04-26 17:41:39] EDIT lims_m4/views/layout.html: 0
[2013-04-26 17:41:51] EDIT lims_m4/views/layout.html: 0
[2013-04-26 17:43:28] EDIT lims_m4/views/layout.html: 0
[2013-04-29 14:29:06] EDIT lims_m4/views/layout.html: 0
[2013-04-29 14:29:43] EDIT lims_m4/views/layout.html: 0
[2013-04-29 14:31:07] EDIT lims_m4/views/layout.html: -1
[2013-04-29 14:34:00] EDIT lims_m4/views/layout.html: 0
[2013-04-29 14:34:29] EDIT lims_m4/views/layout.html: 0
[2013-04-29 14:36:30] EDIT lims_m4/views/layout.html: 0
[2013-04-29 14:36:51] EDIT lims_m4/views/layout.html: 0
[2013-04-29 14:37:04] EDIT lims_m4/views/layout.html: 0
[2013-04-29 14:37:06] EDIT lims_m4/views/layout.html: 0
[2013-04-29 14:37:24] EDIT lims_m4/views/layout.html: 0
[2013-04-29 14:37:26] EDIT lims_m4/views/layout.html: 0
[2013-04-29 14:37:26] EDIT lims_m4/views/layout.html: 0
[2013-04-29 14:38:59] EDIT lims_m4/views/layout.html: 0
[2013-04-29 14:39:01] EDIT lims_m4/views/layout.html: 0
[2013-04-29 14:39:01] EDIT lims_m4/views/layout.html: 0
[2013-04-29 14:39:01] EDIT lims_m4/views/layout.html: 0
[2013-04-29 14:39:01] EDIT lims_m4/views/layout.html: 0
[2013-04-29 14:39:02] EDIT lims_m4/views/layout.html: 0
[2013-04-29 14:39:02] EDIT lims_m4/views/layout.html: 0
[2013-04-29 14:39:02] EDIT lims_m4/views/layout.html: 0
[2013-04-29 14:39:03] EDIT lims_m4/views/layout.html: 0
[2013-04-29 14:39:27] EDIT lims_m4/views/layout.html: 0
[2013-04-29 14:39:29] EDIT lims_m4/views/layout.html: 0
[2013-04-29 14:39:53] EDIT lims_m4/views/layout.html: 0
[2013-04-29 14:40:18] EDIT lims_m4/views/layout.html: 0
[2013-04-29 14:40:46] EDIT lims_m4/views/layout.html: 0
[2013-04-29 14:41:25] EDIT lims_m4/views/layout.html: 0
[2013-04-29 14:41:54] EDIT lims_m4/views/layout.html: 0
[2013-04-29 14:41:56] EDIT lims_m4/views/layout.html: 0
[2013-04-29 14:44:36] EDIT lims_m4/views/layout.html: 0
[2013-04-29 14:45:14] EDIT lims_m4/views/layout.html: -1
[2013-04-29 14:45:40] EDIT lims_m4/views/layout.html: 1
[2013-04-29 14:45:41] EDIT lims_m4/views/layout.html: 0
[2013-04-29 14:45:58] EDIT lims_m4/views/layout.html: 0
[2013-04-29 14:46:12] EDIT lims_m4/views/layout.html: 0
[2013-04-29 14:46:23] EDIT lims_m4/views/layout.html: 0
[2013-04-29 14:46:33] EDIT lims_m4/views/layout.html: 0
[2013-04-29 14:46:42] EDIT lims_m4/views/layout.html: 0
[2013-04-29 14:46:55] EDIT lims_m4/views/layout.html: 0
[2013-04-29 14:47:05] EDIT lims_m4/views/layout.html: 0
[2013-04-29 14:51:20] EDIT lims_m4/views/layout.html: 11
[2013-04-29 14:52:03] EDIT lims_m4/views/layout.html: 0
[2013-04-29 14:52:43] EDIT lims_m4/views/layout.html: 3
[2013-04-29 14:53:24] EDIT lims_m4/views/layout.html: 3
[2013-04-29 14:53:51] EDIT lims_m4/views/layout.html: 0
[2013-04-29 14:54:22] EDIT lims_m4/views/layout.html: 0
[2013-04-29 14:54:43] EDIT lims_m4/views/layout.html: 0
[2013-04-29 14:54:47] EDIT lims_m4/views/layout.html: 0
[2013-04-29 14:55:04] EDIT lims_m4/views/layout.html: 0
[2013-04-29 14:55:09] EDIT lims_m4/views/layout.html: 0
[2013-04-29 14:55:15] EDIT lims_m4/views/layout.html: 0
[2013-04-29 14:55:27] EDIT lims_m4/views/layout.html: 0
[2013-04-29 14:55:27] EDIT lims_m4/views/layout.html: 0
[2013-04-29 14:55:28] EDIT lims_m4/views/layout.html: 0
[2013-04-29 14:55:28] EDIT lims_m4/views/layout.html: 0
[2013-04-29 14:55:42] EDIT lims_m4/views/layout.html: 0
[2013-04-29 14:56:04] EDIT lims_m4/views/layout.html: -2
[2013-04-29 14:56:43] EDIT lims_m4/views/layout.html: 2
[2013-04-29 14:56:44] EDIT lims_m4/views/layout.html: 0
[2013-04-29 14:56:44] EDIT lims_m4/views/layout.html: 0
[2013-04-29 14:56:44] EDIT lims_m4/views/layout.html: 0
[2013-04-29 14:56:45] EDIT lims_m4/views/layout.html: 0
[2013-04-29 14:57:05] EDIT lims_m4/views/layout.html: 0
[2013-04-29 14:57:26] EDIT lims_m4/views/layout.html: 0
[2013-04-29 14:57:37] EDIT lims_m4/views/layout.html: 0
[2013-04-29 14:58:13] EDIT lims_m4/views/layout.html: -17
[2013-04-29 14:59:08] EDIT lims_m4/views/layout.html: 9
[2013-04-29 14:59:34] EDIT lims_m4/views/layout.html: 0
[2013-04-29 14:59:57] EDIT lims_m4/views/layout.html: 0
[2013-04-29 15:00:52] EDIT lims_m4/views/layout.html: -2
[2013-04-29 15:02:21] EDIT lims_m4/views/layout.html: -2
[2013-04-29 15:02:55] EDIT lims_m4/views/layout.html: 0
[2013-04-29 15:03:07] EDIT lims_m4/views/layout.html: 0
[2013-04-29 15:03:49] EDIT lims_m4/views/layout.html: 2
[2013-04-29 15:03:53] EDIT lims_m4/views/layout.html: 0
[2013-04-29 15:04:08] EDIT lims_m4/views/layout.html: 0
[2013-04-29 15:04:11] EDIT lims_m4/views/layout.html: 0
[2013-04-29 15:07:30] EDIT lims_m4/views/layout.html: 0
[2013-04-29 15:08:44] EDIT lims_m4/views/layout.html: -1
[2013-04-29 15:08:53] EDIT lims_m4/views/layout.html: -1
[2013-04-29 15:09:17] EDIT lims_m4/views/layout.html: 0
[2013-04-29 15:10:15] EDIT lims_m4/views/layout.html: 2
[2013-04-29 15:10:34] EDIT lims_m4/views/layout.html: 0
[2013-04-29 15:10:50] EDIT lims_m4/views/layout.html: 0
[2013-04-29 15:12:37] EDIT lims_m4/views/layout.html: 0
[2013-04-29 15:12:59] EDIT lims_m4/views/layout.html: 0
[2013-04-29 15:13:47] EDIT lims_m4/views/layout.html: 0
[2013-04-29 15:13:58] EDIT lims_m4/views/layout.html: 0
[2013-04-29 15:14:10] EDIT lims_m4/views/layout.html: 0
[2013-04-29 15:14:11] EDIT lims_m4/views/layout.html: 0
[2013-04-29 15:14:11] EDIT lims_m4/views/layout.html: 0
[2013-04-29 15:14:12] EDIT lims_m4/views/layout.html: 0
[2013-04-29 15:15:02] EDIT lims_m4/views/layout.html: 0
[2013-04-29 15:15:04] EDIT lims_m4/views/layout.html: 0
[2013-04-29 15:15:04] EDIT lims_m4/views/layout.html: 0
[2013-04-29 15:15:46] EDIT lims_m4/views/layout.html: 0
[2013-04-29 15:15:47] EDIT lims_m4/views/layout.html: 0
[2013-04-29 15:15:47] EDIT lims_m4/views/layout.html: 0
[2013-04-29 15:15:47] EDIT lims_m4/views/layout.html: 0
[2013-04-29 15:16:52] EDIT lims_m4/views/layout.html: -3
[2013-04-29 15:18:16] EDIT lims_m4/views/layout.html: 3
[2013-04-29 15:19:49] EDIT lims_m4/views/layout.html: -2
[2013-04-29 15:19:58] EDIT lims_m4/views/layout.html: 2
[2013-04-29 15:19:59] EDIT lims_m4/views/layout.html: 0
[2013-04-29 15:19:59] EDIT lims_m4/views/layout.html: 0
[2013-04-29 18:05:22] CREATE home.py: 0
[2013-04-29 18:05:28] EDIT lims_m4/controllers/home.py: 9
[2013-04-29 18:06:29] EDIT lims_m4/views/default/index.html: 24
[2013-04-29 18:07:15] CREATE layout1.html: 0
[2013-04-29 18:07:25] EDIT lims_m4/views/layout1.html: 200
[2013-04-29 18:09:00] CREATE home/index.html: 0
[2013-04-29 18:09:06] EDIT lims_m4/views/home/index.html: 53
[2013-04-29 18:12:11] EDIT lims_m4/static/css/web2py.css: 51
[2013-04-29 18:14:17] EDIT lims_m4/views/home/index.html: 0
[2013-04-29 18:14:42] EDIT lims_m4/views/home/index.html: 0
[2013-04-29 18:15:03] EDIT lims_m4/views/home/index.html: 0
[2013-04-29 18:15:19] EDIT lims_m4/views/home/index.html: 0
[2013-04-29 18:15:21] EDIT lims_m4/views/home/index.html: 0
[2013-04-29 18:15:21] EDIT lims_m4/views/home/index.html: 0
[2013-04-29 18:15:47] EDIT lims_m4/views/home/index.html: 0
[2013-04-29 18:15:52] EDIT lims_m4/views/home/index.html: 0
[2013-04-29 18:16:41] EDIT lims_m4/views/home/index.html: 0
[2013-04-29 18:17:44] EDIT lims_m4/views/home/index.html: 0
[2013-04-29 18:18:00] EDIT lims_m4/views/home/index.html: 0
[2013-04-29 18:18:31] EDIT lims_m4/views/home/index.html: 0
[2013-04-29 18:18:32] EDIT lims_m4/views/home/index.html: 0
[2013-04-29 18:18:56] EDIT lims_m4/views/home/index.html: 0
[2013-04-29 18:19:49] EDIT lims_m4/controllers/home.py: 2
[2013-04-29 18:19:57] EDIT lims_m4/controllers/home.py: 0
[2013-04-29 18:20:25] EDIT lims_m4/controllers/home.py: 2
[2013-04-29 18:20:26] EDIT lims_m4/controllers/home.py: 0
[2013-04-29 18:20:47] CREATE home/contact.html: 0
[2013-04-29 18:21:38] EDIT lims_m4/views/home/contact.html: 40
[2013-04-29 18:22:11] EDIT lims_m4/views/layout1.html: 0
[2013-04-29 18:23:06] EDIT lims_m4/views/layout1.html: 0
[2013-04-29 18:23:06] EDIT lims_m4/views/layout1.html: 0
[2013-04-29 18:23:07] EDIT lims_m4/views/layout1.html: 0
[2013-04-29 18:23:07] EDIT lims_m4/views/layout1.html: 0
[2013-04-29 18:23:07] EDIT lims_m4/views/layout1.html: 0
[2013-04-29 18:23:07] EDIT lims_m4/views/layout1.html: 0
[2013-04-29 18:23:08] EDIT lims_m4/views/layout1.html: 0
[2013-04-29 18:23:08] EDIT lims_m4/views/layout1.html: 0
[2013-04-29 18:23:08] EDIT lims_m4/views/layout1.html: 0
[2013-04-29 18:23:27] EDIT lims_m4/views/layout1.html: 0
[2013-04-29 18:23:50] EDIT lims_m4/views/home/contact.html: 0
[2013-04-29 18:24:00] EDIT lims_m4/views/home/contact.html: 0
[2013-04-29 18:24:17] EDIT lims_m4/views/layout1.html: 0
[2013-04-29 18:24:54] EDIT lims_m4/views/layout1.html: 0
[2013-04-29 18:25:42] EDIT lims_m4/controllers/home.py: 0
[2013-04-29 18:25:43] EDIT lims_m4/controllers/home.py: 0
[2013-04-29 18:26:07] EDIT lims_m4/controllers/home.py: 0
[2013-04-29 18:27:04] EDIT lims_m4/controllers/home.py: 0
[2013-04-29 18:27:22] EDIT lims_m4/controllers/home.py: 0
[2013-04-29 18:27:46] CREATE home/link.html: 0
[2013-04-29 18:28:16] EDIT lims_m4/views/home/link.html: 3
[2013-04-29 18:29:45] EDIT lims_m4/views/layout1.html: 0
[2013-04-29 18:31:31] EDIT lims_m4/static/css/web2py.css: 5
[2013-04-29 18:31:37] EDIT lims_m4/static/css/web2py.css: 0
[2013-04-29 18:32:00] EDIT lims_m4/static/css/web2py.css: 0
[2013-04-29 18:32:15] EDIT lims_m4/static/css/web2py.css: 1
[2013-04-29 18:32:23] EDIT lims_m4/static/css/web2py.css: 0
[2013-04-29 18:32:26] EDIT lims_m4/static/css/web2py.css: 0
[2013-04-29 18:32:43] EDIT lims_m4/static/css/web2py.css: 0
[2013-04-29 18:32:54] EDIT lims_m4/static/css/web2py.css: 0
[2013-04-29 18:33:42] EDIT lims_m4/views/layout1.html: 0
[2013-04-29 18:34:27] EDIT lims_m4/views/layout1.html: 0
[2013-04-29 18:35:00] EDIT lims_m4/views/layout1.html: 0
[2013-04-29 18:35:14] EDIT lims_m4/views/layout1.html: 0
[2013-04-29 18:35:53] EDIT lims_m4/views/layout1.html: 0
[2013-04-29 18:36:20] EDIT lims_m4/views/home/contact.html: 0
[2013-04-29 18:36:27] EDIT lims_m4/views/home/contact.html: 0
[2013-04-29 18:38:47] EDIT lims_m4/controllers/home.py: 0
[2013-04-29 18:39:27] EDIT lims_m4/static/css/web2py.css: 0
[2013-04-29 18:39:30] EDIT lims_m4/static/css/web2py.css: 0
[2013-04-29 18:39:30] EDIT lims_m4/static/css/web2py.css: 0
[2013-04-29 18:39:31] EDIT lims_m4/static/css/web2py.css: 0
[2013-04-29 18:39:31] EDIT lims_m4/static/css/web2py.css: 0
[2013-04-29 18:39:32] EDIT lims_m4/static/css/web2py.css: 0
[2013-04-29 18:39:52] EDIT lims_m4/static/css/web2py.css: 0
[2013-04-29 18:39:53] EDIT lims_m4/static/css/web2py.css: 0
[2013-04-29 18:39:53] EDIT lims_m4/static/css/web2py.css: 0
[2013-04-29 18:39:54] EDIT lims_m4/static/css/web2py.css: 0
[2013-04-29 18:39:54] EDIT lims_m4/static/css/web2py.css: 0
[2013-04-29 18:39:54] EDIT lims_m4/static/css/web2py.css: 0
[2013-04-29 18:39:54] EDIT lims_m4/static/css/web2py.css: 0
[2013-04-29 18:40:17] EDIT lims_m4/views/layout1.html: 0
[2013-04-29 18:40:47] EDIT lims_m4/views/layout1.html: 0
[2013-04-29 18:41:16] EDIT lims_m4/views/layout1.html: 0
[2013-04-29 18:41:29] EDIT lims_m4/views/layout1.html: 0
[2013-04-29 18:41:30] EDIT lims_m4/views/layout1.html: 0
[2013-04-29 18:41:30] EDIT lims_m4/views/layout1.html: 0
[2013-04-29 18:41:58] EDIT lims_m4/views/layout1.html: 0
[2013-04-29 18:41:59] EDIT lims_m4/views/layout1.html: 0
[2013-04-29 18:41:59] EDIT lims_m4/views/layout1.html: 0
[2013-04-29 18:42:19] EDIT lims_m4/views/layout1.html: 0
[2013-04-29 18:42:19] EDIT lims_m4/views/layout1.html: 0
[2013-04-29 18:42:20] EDIT lims_m4/views/layout1.html: 0
[2013-04-29 18:42:20] EDIT lims_m4/views/layout1.html: 0
[2013-04-29 18:42:20] EDIT lims_m4/views/layout1.html: 0
[2013-04-29 18:42:20] EDIT lims_m4/views/layout1.html: 0
[2013-04-29 18:42:20] EDIT lims_m4/views/layout1.html: 0
[2013-04-29 18:42:21] EDIT lims_m4/views/layout1.html: 0
[2013-04-29 18:42:36] EDIT lims_m4/views/layout1.html: 0
[2013-04-29 18:43:14] EDIT lims_m4/views/layout1.html: 0
[2013-04-29 18:44:04] EDIT lims_m4/views/layout1.html: 0
[2013-04-29 18:45:15] EDIT lims_m4/views/layout1.html: 0
[2013-04-29 18:46:13] EDIT lims_m4/views/layout1.html: 0
[2013-04-29 20:31:47] EDIT lims_m4/views/layout1.html: 0
[2013-04-29 20:34:23] EDIT lims_m4/views/layout1.html: 0
[2013-04-29 20:34:55] EDIT lims_m4/views/layout1.html: 1
[2013-04-29 20:35:09] EDIT lims_m4/views/layout1.html: 0
[2013-04-29 20:35:30] EDIT lims_m4/views/layout1.html: -1
[2013-04-29 20:35:46] EDIT lims_m4/views/layout1.html: 0
[2013-04-29 23:08:20] EDIT lims_m4/views/layout1.html: 0
[2013-04-29 23:09:11] EDIT lims_m4/views/layout1.html: 0
[2013-04-29 23:09:30] EDIT lims_m4/views/layout1.html: 0
[2013-04-29 23:10:51] EDIT lims_m4/views/layout1.html: 0
[2013-04-29 23:10:52] EDIT lims_m4/views/layout1.html: 0
[2013-04-29 23:11:53] EDIT lims_m4/controllers/home.py: 0
[2013-04-29 23:12:14] EDIT lims_m4/controllers/home.py: 1
[2013-04-29 23:12:33] EDIT lims_m4/controllers/home.py: 1
[2013-04-29 23:12:54] EDIT lims_m4/controllers/home.py: 0
[2013-04-29 23:13:27] EDIT lims_m4/controllers/home.py: -2
[2013-04-29 23:13:29] EDIT lims_m4/controllers/home.py: 0
[2013-04-29 23:13:29] EDIT lims_m4/controllers/home.py: 0
[2013-04-29 23:13:30] EDIT lims_m4/controllers/home.py: 0
[2013-04-29 23:13:30] EDIT lims_m4/controllers/home.py: 0
[2013-04-29 23:13:30] EDIT lims_m4/controllers/home.py: 0
[2013-04-29 23:13:30] EDIT lims_m4/controllers/home.py: 0
[2013-04-29 23:13:31] EDIT lims_m4/controllers/home.py: 0
[2013-04-29 23:13:31] EDIT lims_m4/controllers/home.py: 0
[2013-04-29 23:13:50] EDIT lims_m4/controllers/home.py: 0
[2013-04-29 23:14:16] EDIT lims_m4/views/layout1.html: 0
[2013-04-29 23:14:16] EDIT lims_m4/views/layout1.html: 0
[2013-04-29 23:14:17] EDIT lims_m4/views/layout1.html: 0
[2013-04-29 23:19:43] EDIT lims_m4/views/layout1.html: 0
[2013-04-29 23:20:03] EDIT lims_m4/views/layout1.html: 0
[2013-04-29 23:20:08] EDIT lims_m4/views/layout1.html: -5
[2013-04-29 23:20:16] EDIT lims_m4/views/layout1.html: 5
[2013-04-29 23:21:53] EDIT lims_m4/views/layout1.html: 6
[2013-04-29 23:21:55] EDIT lims_m4/views/layout1.html: 0
[2013-04-29 23:21:55] EDIT lims_m4/views/layout1.html: 0
[2013-04-29 23:21:55] EDIT lims_m4/views/layout1.html: 0
[2013-04-29 23:21:56] EDIT lims_m4/views/layout1.html: 0
[2013-04-29 23:21:56] EDIT lims_m4/views/layout1.html: 0
[2013-04-29 23:22:34] EDIT lims_m4/views/layout1.html: 0
[2013-04-29 23:23:08] EDIT lims_m4/views/layout1.html: -6
[2013-04-29 23:24:04] EDIT lims_m4/views/layout1.html: 3
[2013-04-29 23:24:20] EDIT lims_m4/views/layout1.html: 0
[2013-04-29 23:24:21] EDIT lims_m4/views/layout1.html: 0
[2013-04-29 23:24:21] EDIT lims_m4/views/layout1.html: 0
[2013-04-29 23:24:21] EDIT lims_m4/views/layout1.html: 0
[2013-04-29 23:24:22] EDIT lims_m4/views/layout1.html: 0
[2013-04-29 23:24:22] EDIT lims_m4/views/layout1.html: 0
[2013-04-29 23:24:22] EDIT lims_m4/views/layout1.html: 0
[2013-04-29 23:24:23] EDIT lims_m4/views/layout1.html: 0
[2013-04-29 23:24:23] EDIT lims_m4/views/layout1.html: 0
[2013-04-29 23:24:59] EDIT lims_m4/views/layout1.html: -1
[2013-04-29 23:25:13] EDIT lims_m4/views/layout1.html: -2
[2013-04-29 23:27:50] EDIT lims_m4/static/css/web2py_bootstrap.css: 0
[2013-04-29 23:28:38] EDIT lims_m4/static/css/web2py_bootstrap.css: 0
[2013-04-29 23:28:39] EDIT lims_m4/static/css/web2py_bootstrap.css: 0
[2013-04-29 23:28:55] EDIT lims_m4/static/css/web2py_bootstrap.css: 0
[2013-04-29 23:28:56] EDIT lims_m4/static/css/web2py_bootstrap.css: 0
[2013-04-29 23:28:56] EDIT lims_m4/static/css/web2py_bootstrap.css: 0
[2013-04-29 23:28:56] EDIT lims_m4/static/css/web2py_bootstrap.css: 0
[2013-04-29 23:28:56] EDIT lims_m4/static/css/web2py_bootstrap.css: 0
[2013-04-29 23:29:17] EDIT lims_m4/static/css/web2py_bootstrap.css: 0
[2013-04-29 23:29:41] EDIT lims_m4/static/css/web2py_bootstrap.css: 0
[2013-04-29 23:30:15] EDIT lims_m4/static/css/web2py_bootstrap.css: 0
[2013-04-29 23:33:31] EDIT lims_m4/static/css/bootstrap-responsive.min.css: 0
[2013-04-29 23:33:46] EDIT lims_m4/static/css/bootstrap-responsive.min.css: 0
[2013-04-29 23:33:47] EDIT lims_m4/static/css/bootstrap-responsive.min.css: 0
[2013-04-29 23:35:42] EDIT lims_m4/views/layout1.html: 8
[2013-04-29 23:36:04] EDIT lims_m4/views/layout1.html: -8
[2013-04-29 23:40:55] EDIT lims_m4/controllers/home.py: 1
[2013-04-29 23:41:18] EDIT lims_m4/controllers/home.py: -1
[2013-04-29 23:44:21] EDIT lims_m4/views/layout1.html: 0
[2013-04-30 15:04:45] EDIT lims_m4/models/db.py: 0
[2013-06-20 12:03:46] EDIT volt/controllers/default.py: 0
[2013-06-20 12:17:50] EDIT volt/views/default/task_viewer.html: 1
[2013-06-20 12:18:43] EDIT volt/views/default/task_viewer.html: 1
[2013-06-20 12:19:02] EDIT volt/views/default/task_viewer.html: 0
[2013-06-20 13:18:21] CREATE layout_old.html: 0
[2013-06-20 13:18:26] EDIT volt/views/layout_old.html: 199
[2013-06-20 13:18:47] EDIT volt/views/layout_old.html: 1
[2013-06-20 13:19:26] EDIT volt/views/layout_old.html: -44
[2013-06-20 13:19:31] EDIT volt/views/layout.html: 43
[2013-06-20 13:19:33] EDIT volt/views/layout.html: 0
[2013-06-20 17:11:47] EDIT volt/models/menu.py: 0
[2013-08-01 19:02:10] EDIT volt/models/db.py: 40
[2013-08-01 19:02:12] EDIT volt/models/db.py: 0
[2013-08-01 19:02:12] EDIT volt/models/db.py: 0
[2013-08-01 19:02:12] EDIT volt/models/db.py: 0
[2013-08-01 19:03:21] CREATE scheduler.py: 0
[2013-08-01 19:04:56] EDIT volt/models/scheduler.py: 4
[2013-08-01 19:06:34] EDIT volt/models/db.py: 0
[2013-08-01 19:08:50] EDIT volt/models/db.py: -5
[2013-08-01 19:09:45] EDIT volt/models/db.py: 5
[2013-08-01 19:10:23] EDIT volt/models/db.py: -5
[2013-08-01 19:13:45] EDIT volt/models/db.py: 5
[2013-08-01 19:15:40] EDIT volt/models/db.py: 0
[2013-08-01 19:16:41] EDIT volt/models/db.py: 0
[2013-08-01 19:16:43] EDIT volt/models/db.py: 0
[2013-08-01 19:16:43] EDIT volt/models/db.py: 0
[2013-08-01 19:16:43] EDIT volt/models/db.py: 0
[2013-08-01 19:16:43] EDIT volt/models/db.py: 0
[2013-08-01 19:16:44] EDIT volt/models/db.py: 0
[2013-08-01 19:16:44] EDIT volt/models/db.py: 0
[2013-08-01 19:16:44] EDIT volt/models/db.py: 0
[2013-08-01 19:24:32] EDIT volt/controllers/default.py: 0
[2013-08-02 17:59:37] EDIT volt/models/db.py: 0
[2013-08-02 17:59:47] EDIT volt/models/db.py: 0
[2013-08-02 18:31:09] EDIT volt/models/db.py: 0
[2013-08-02 18:34:47] EDIT volt/models/db.py: 0
[2013-08-02 18:37:13] EDIT volt/models/db.py: 0
[2013-08-02 18:42:20] EDIT volt/models/db.py: -40
[2013-08-02 18:44:35] EDIT volt/models/db.py: 40
[2013-08-02 18:44:37] EDIT volt/models/db.py: 0
[2013-08-02 18:57:35] EDIT volt/models/db.py: 0
[2013-08-02 18:58:33] EDIT volt/models/db.py: 0
[2013-08-02 19:23:57] EDIT volt/models/db.py: 0
[2013-08-02 19:23:58] EDIT volt/models/db.py: 0
[2013-08-02 19:24:11] EDIT volt/models/db.py: 0
[2013-08-02 19:25:12] EDIT volt/models/db.py: 0
[2013-08-02 19:25:14] EDIT volt/models/db.py: 0
[2013-08-02 19:25:32] EDIT volt/models/db.py: 0
[2013-08-02 19:27:34] EDIT volt/models/db.py: 0
[2013-08-02 19:28:24] EDIT volt/models/db.py: 0
[2013-08-02 19:44:11] EDIT volt/models/db.py: -1
[2013-08-02 19:44:16] EDIT volt/models/db.py: 0
[2013-08-02 20:55:20] EDIT volt/controllers/default.py: 5
[2013-08-02 20:56:41] EDIT volt/controllers/default.py: 2
[2013-08-02 21:02:12] EDIT volt/controllers/default.py: 2
[2013-08-02 21:02:29] EDIT volt/controllers/default.py: 0
[2013-08-02 21:02:37] EDIT volt/controllers/default.py: 1
[2013-08-02 21:02:40] EDIT volt/controllers/default.py: 0
[2013-08-02 21:03:33] EDIT volt/controllers/default.py: 0
[2013-08-02 21:04:18] EDIT volt/controllers/default.py: -5
[2013-08-02 21:04:50] CREATE default/instrument_form.html: 0
[2013-08-02 21:05:07] EDIT volt/views/default/instrument_form.html: -1
[2013-08-02 21:07:32] EDIT volt/controllers/default.py: 0
[2013-08-02 21:09:25] EDIT volt/controllers/default.py: 0
[2013-08-02 21:09:26] EDIT volt/controllers/default.py: 0
[2013-08-02 21:09:26] EDIT volt/controllers/default.py: 0
[2013-08-02 21:09:26] EDIT volt/controllers/default.py: 0
[2013-08-02 21:09:55] EDIT volt/controllers/default.py: 0
[2013-08-02 21:09:56] EDIT volt/controllers/default.py: 0
[2013-08-02 21:09:56] EDIT volt/controllers/default.py: 0
[2013-08-02 21:10:05] EDIT volt/controllers/default.py: 0
[2013-08-02 21:10:47] EDIT volt/controllers/default.py: 0
[2013-08-02 21:10:48] EDIT volt/controllers/default.py: 0
[2013-08-02 21:10:49] EDIT volt/controllers/default.py: 0
[2013-08-02 21:14:35] EDIT volt/views/default/instrument_form.html: 2
[2013-08-02 21:14:37] EDIT volt/views/default/instrument_form.html: 0
[2013-08-02 21:15:11] EDIT volt/views/default/instrument_form.html: 0
[2013-08-02 21:15:27] EDIT volt/views/default/instrument_form.html: 0
[2013-08-02 21:15:31] EDIT volt/views/default/instrument_form.html: 0
[2013-08-02 21:16:11] EDIT volt/views/default/instrument_form.html: 0
[2013-08-02 21:16:51] EDIT volt/controllers/default.py: 0
[2013-08-02 21:16:52] EDIT volt/controllers/default.py: 0
[2013-08-02 21:17:12] EDIT volt/views/default/instrument_form.html: 0
[2013-08-02 21:17:56] EDIT volt/controllers/default.py: 0
[2013-08-02 21:18:20] EDIT volt/controllers/default.py: 1
[2013-08-02 21:18:37] EDIT volt/controllers/default.py: 2
[2013-08-02 21:18:38] EDIT volt/controllers/default.py: 0
[2013-08-02 21:18:46] EDIT volt/controllers/default.py: 0
[2013-08-02 21:18:54] EDIT volt/views/default/instrument_form.html: -1
[2013-08-02 21:19:03] EDIT volt/views/default/instrument_form.html: 0
[2013-08-02 21:19:08] EDIT volt/views/default/instrument_form.html: -1
[2013-08-02 21:19:56] EDIT volt/views/default/instrument_form.html: 0
[2013-08-02 21:19:57] EDIT volt/views/default/instrument_form.html: 0
[2013-08-02 21:19:57] EDIT volt/views/default/instrument_form.html: 0
[2013-08-02 21:21:04] EDIT volt/controllers/default.py: 0
[2013-08-02 21:25:22] EDIT volt/controllers/default.py: 0
[2013-08-02 21:25:31] EDIT volt/controllers/default.py: 0
[2013-08-02 21:25:40] EDIT volt/views/default/instrument_form.html: 0
[2013-08-02 21:27:14] EDIT volt/controllers/default.py: 0
[2013-08-02 21:27:23] EDIT volt/controllers/default.py: 0
[2013-08-02 21:27:29] EDIT volt/controllers/default.py: 0
[2013-08-02 21:27:29] EDIT volt/controllers/default.py: 0
[2013-08-02 21:27:44] EDIT volt/controllers/default.py: 0
[2013-08-02 21:27:46] EDIT volt/controllers/default.py: 0
[2013-08-02 21:27:54] EDIT volt/controllers/default.py: 0
[2013-08-02 21:28:08] EDIT volt/controllers/default.py: 0
[2013-08-02 21:28:42] EDIT volt/controllers/default.py: 0
[2013-08-02 21:28:43] EDIT volt/controllers/default.py: 0
[2013-08-02 21:29:15] EDIT volt/controllers/default.py: 0
[2013-08-02 21:29:23] EDIT volt/controllers/default.py: 0
[2013-08-02 21:29:28] EDIT volt/controllers/default.py: 0
[2013-08-02 21:30:02] EDIT volt/controllers/default.py: 0
[2013-08-02 21:30:03] EDIT volt/controllers/default.py: 0
[2013-08-02 21:30:03] EDIT volt/controllers/default.py: 0
[2013-08-02 21:30:03] EDIT volt/controllers/default.py: 0
[2013-08-02 21:30:32] EDIT volt/controllers/default.py: 0
[2013-08-02 21:30:55] EDIT volt/controllers/default.py: 0
[2013-08-02 21:31:29] EDIT volt/controllers/default.py: 0
[2013-08-02 21:31:31] EDIT volt/controllers/default.py: 0
[2013-08-02 21:32:12] EDIT volt/controllers/default.py: 0
[2013-08-02 21:32:13] EDIT volt/controllers/default.py: 0
[2013-08-02 21:32:41] EDIT volt/controllers/default.py: 0
[2013-08-02 21:32:52] EDIT volt/controllers/default.py: 1
[2013-08-02 21:33:35] EDIT volt/controllers/default.py: 0
[2013-08-02 21:33:42] EDIT volt/controllers/default.py: 0
[2013-08-02 21:33:45] EDIT volt/controllers/default.py: 0
[2013-08-02 21:35:03] EDIT volt/controllers/default.py: 0
[2013-08-02 21:35:24] EDIT volt/controllers/default.py: 0
[2013-08-02 21:37:38] EDIT volt/controllers/default.py: 0
[2013-08-02 21:37:45] EDIT volt/controllers/default.py: 0
[2013-08-02 21:38:14] EDIT volt/controllers/default.py: 0
[2013-08-02 21:38:58] EDIT volt/controllers/default.py: 0
[2013-08-02 21:38:59] EDIT volt/controllers/default.py: 0
[2013-08-02 21:40:19] EDIT volt/controllers/default.py: 0
[2013-08-02 21:40:23] EDIT volt/controllers/default.py: 0
[2013-08-02 21:43:52] EDIT volt/controllers/default.py: 0
[2013-08-02 21:43:53] EDIT volt/controllers/default.py: 0
[2013-08-02 21:43:53] EDIT volt/controllers/default.py: 0
[2013-08-02 21:46:18] EDIT volt/controllers/default.py: 0
[2013-08-02 21:46:19] EDIT volt/controllers/default.py: 0
[2013-08-02 21:53:33] EDIT volt/controllers/default.py: 1
[2013-08-02 21:55:04] EDIT volt/controllers/default.py: 1
[2013-08-02 21:55:04] EDIT volt/controllers/default.py: 0
[2013-08-02 21:55:14] EDIT volt/controllers/default.py: 0
[2013-08-02 22:03:31] EDIT volt/controllers/default.py: 0
[2013-08-02 22:04:16] EDIT volt/controllers/default.py: -2
[2013-08-02 22:04:17] EDIT volt/controllers/default.py: 0
[2013-08-02 22:04:26] EDIT volt/controllers/default.py: 0
[2013-08-02 22:05:19] EDIT volt/controllers/default.py: 0
[2013-08-02 22:05:21] EDIT volt/controllers/default.py: 0
[2013-08-02 22:05:32] EDIT volt/controllers/default.py: 0
[2013-08-02 22:09:59] EDIT volt/controllers/default.py: 1
[2013-08-02 22:10:01] EDIT volt/controllers/default.py: 0
[2013-08-02 22:11:19] EDIT volt/controllers/default.py: 0
[2013-08-02 22:11:25] EDIT volt/controllers/default.py: 0
[2013-08-02 22:27:33] EDIT volt/controllers/default.py: 2
[2013-08-02 22:28:11] EDIT volt/controllers/default.py: -1
[2013-08-02 22:28:11] EDIT volt/controllers/default.py: 0
[2013-08-02 22:28:11] EDIT volt/controllers/default.py: 0
[2013-08-02 22:28:12] EDIT volt/controllers/default.py: 0
[2013-08-02 22:28:12] EDIT volt/controllers/default.py: 0
[2013-08-02 22:28:12] EDIT volt/controllers/default.py: 0
[2013-08-02 22:28:12] EDIT volt/controllers/default.py: 0
[2013-08-02 22:29:02] EDIT volt/controllers/default.py: 0
[2013-08-02 22:29:28] EDIT volt/controllers/default.py: 0
[2013-08-02 22:30:24] EDIT volt/controllers/default.py: 0
[2013-08-02 22:34:12] EDIT volt/controllers/default.py: 0
[2013-08-02 22:38:19] EDIT volt/controllers/default.py: 2
[2013-08-02 22:41:22] EDIT volt/controllers/default.py: 1
[2013-08-02 22:41:30] EDIT volt/controllers/default.py: 0
[2013-08-02 22:42:08] EDIT volt/controllers/default.py: 1
[2013-08-02 22:42:30] EDIT volt/controllers/default.py: -2
[2013-08-02 22:43:05] EDIT volt/controllers/default.py: 0
[2013-08-02 22:43:13] EDIT volt/controllers/default.py: 0
[2013-08-02 22:43:15] EDIT volt/controllers/default.py: 0
[2013-08-02 22:43:48] EDIT volt/controllers/default.py: 0
[2013-08-02 22:44:13] EDIT volt/controllers/default.py: 0
[2013-08-02 22:44:13] EDIT volt/controllers/default.py: 0
[2013-08-02 22:46:46] EDIT volt/controllers/default.py: 0
[2013-08-02 22:46:54] EDIT volt/controllers/default.py: 0
[2013-08-02 22:47:15] EDIT volt/controllers/default.py: 0
[2013-08-02 22:47:48] EDIT volt/controllers/default.py: 0
[2013-08-02 22:47:49] EDIT volt/controllers/default.py: 0
[2013-08-02 22:48:49] EDIT volt/controllers/default.py: 0
[2013-08-02 22:53:28] EDIT volt/controllers/default.py: 2
[2013-08-02 22:55:03] EDIT volt/controllers/default.py: 0
[2013-08-02 22:57:18] EDIT volt/controllers/default.py: 1
[2013-08-02 22:57:20] EDIT volt/controllers/default.py: 0
[2013-08-02 23:00:07] EDIT volt/controllers/default.py: 1
[2013-08-02 23:00:49] EDIT volt/controllers/default.py: 0
[2013-08-02 23:00:51] EDIT volt/controllers/default.py: 0
[2013-08-02 23:01:48] EDIT volt/controllers/default.py: 0
[2013-08-02 23:01:49] EDIT volt/controllers/default.py: 0
[2013-08-02 23:02:22] EDIT volt/controllers/default.py: -3
[2013-08-02 23:02:23] EDIT volt/controllers/default.py: 0
[2013-08-02 23:02:27] EDIT volt/controllers/default.py: 0
[2013-08-02 23:03:04] EDIT volt/controllers/default.py: 0
